2026-05-07 00:13:08,605 [INFO] ============================================================
2026-05-07 00:13:08,605 [INFO] 記事公開処理を開始しました
2026-05-07 00:13:08,606 [INFO] ============================================================
2026-05-07 00:13:08,609 [INFO] 生成完了: 2026-05-07-1470.md
2026-05-07 00:13:08,609 [INFO] 生成完了: 2026-05-07-1464.md
2026-05-07 00:13:08,610 [INFO] 生成完了: 2026-05-07-1541.md
2026-05-07 00:13:08,610 [INFO] 生成完了: 2026-05-07-1545.md
2026-05-07 00:13:08,610 [INFO] 生成完了: 2026-05-07-1826.md
2026-05-07 00:13:08,611 [INFO] 生成完了: 2026-05-07-1723.md
2026-05-07 00:13:08,615 [INFO] 生成完了: 2026-05-07-1384.md
2026-05-07 00:13:08,616 [INFO] 生成完了: 2026-05-07-1385.md
2026-05-07 00:13:08,616 [INFO] 生成完了: 2026-05-07-1387.md
2026-05-07 00:13:08,617 [INFO] 生成完了: 2026-05-07-1388.md
2026-05-07 00:13:08,618 [INFO] 生成完了: 2026-05-07-1396.md
2026-05-07 00:13:08,619 [INFO] 生成完了: 2026-05-07-1397.md
2026-05-07 00:13:08,619 [INFO] 生成完了: 2026-05-07-1398.md
2026-05-07 00:13:08,620 [INFO] 生成完了: 2026-05-07-1399.md
2026-05-07 00:13:08,620 [INFO] 生成完了: 2026-05-07-1400.md
2026-05-07 00:13:08,621 [INFO] 生成完了: 2026-05-07-1402.md
2026-05-07 00:13:08,621 [INFO] 生成完了: 2026-05-07-1405.md
2026-05-07 00:13:08,621 [INFO] 生成完了: 2026-05-07-1407.md
2026-05-07 00:13:08,622 [INFO] 生成完了: 2026-05-07-1409.md
2026-05-07 00:13:08,622 [INFO] 生成完了: 2026-05-07-1411.md
2026-05-07 00:13:08,623 [INFO] 生成完了: 2026-05-07-1413.md
2026-05-07 00:13:08,623 [INFO] 生成完了: 2026-05-07-1416.md
2026-05-07 00:13:08,623 [INFO] 生成完了: 2026-05-07-1428.md
2026-05-07 00:13:08,624 [INFO] 生成完了: 2026-05-07-1431.md
2026-05-07 00:13:08,624 [INFO] 生成完了: 2026-05-07-1433.md
2026-05-07 00:13:08,625 [INFO] 生成完了: 2026-05-07-1439.md
2026-05-07 00:13:08,625 [INFO] 生成完了: 2026-05-07-1442.md
2026-05-07 00:13:08,625 [INFO] 生成完了: 2026-05-07-1454.md
2026-05-07 00:13:08,626 [INFO] 生成完了: 2026-05-07-1456.md
2026-05-07 00:13:08,626 [INFO] 生成完了: 2026-05-07-1460.md
2026-05-07 00:13:08,626 [INFO] ============================================================
2026-05-07 00:13:08,626 [INFO] Markdown生成完了: 30件
2026-05-07 00:13:08,626 [INFO] ============================================================
2026-05-07 00:13:17,087 [INFO] Git Push完了
2026-05-07 00:16:36,632 [INFO] ============================================================
2026-05-07 00:16:36,632 [INFO] 記事公開処理を開始しました
2026-05-07 00:16:36,632 [INFO] ============================================================
2026-05-07 00:16:36,632 [INFO] 生成完了: article-1470.md
2026-05-07 00:16:36,632 [INFO] 生成完了: article-1464.md
2026-05-07 00:16:36,632 [INFO] 生成完了: article-1541.md
2026-05-07 00:16:36,632 [INFO] 生成完了: article-1545.md
2026-05-07 00:16:36,632 [INFO] 生成完了: article-1826.md
2026-05-07 00:16:36,632 [INFO] 生成完了: article-1723.md
2026-05-07 00:16:36,632 [INFO] 生成完了: article-1384.md
2026-05-07 00:16:36,632 [INFO] 生成完了: article-1385.md
2026-05-07 00:16:36,632 [INFO] 生成完了: article-1387.md
2026-05-07 00:16:36,632 [INFO] 生成完了: article-1388.md
2026-05-07 00:16:36,632 [INFO] 生成完了: article-1396.md
2026-05-07 00:16:36,632 [INFO] 生成完了: article-1397.md
2026-05-07 00:16:36,632 [INFO] 生成完了: article-1398.md
2026-05-07 00:16:36,632 [INFO] 生成完了: article-1399.md
2026-05-07 00:16:36,632 [INFO] 生成完了: article-1400.md
2026-05-07 00:16:36,632 [INFO] 生成完了: article-1402.md
2026-05-07 00:16:36,632 [INFO] 生成完了: article-1405.md
2026-05-07 00:16:36,632 [INFO] 生成完了: article-1407.md
2026-05-07 00:16:36,632 [INFO] 生成完了: article-1409.md
2026-05-07 00:16:36,632 [INFO] 生成完了: article-1411.md
2026-05-07 00:16:36,632 [INFO] 生成完了: article-1413.md
2026-05-07 00:16:36,632 [INFO] 生成完了: article-1416.md
2026-05-07 00:16:36,632 [INFO] 生成完了: article-1428.md
2026-05-07 00:16:36,632 [INFO] 生成完了: article-1431.md
2026-05-07 00:16:36,632 [INFO] 生成完了: article-1433.md
2026-05-07 00:16:36,632 [INFO] 生成完了: article-1439.md
2026-05-07 00:16:36,632 [INFO] 生成完了: article-1442.md
2026-05-07 00:16:36,632 [INFO] 生成完了: article-1454.md
2026-05-07 00:16:36,632 [INFO] 生成完了: article-1456.md
2026-05-07 00:16:36,632 [INFO] 生成完了: article-1460.md
2026-05-07 00:16:36,632 [INFO] ============================================================
2026-05-07 00:16:36,632 [INFO] Markdown生成完了: 30件
2026-05-07 00:16:36,632 [INFO] ============================================================
2026-05-07 00:16:38,736 [INFO] Git Push完了
